This is pdfTeX, Version 3.14159265-2.6-1.40.20 (TeX Live 2019/Arch Linux) (preloaded format=pdflatex 2020.2.25)  25 FEB 2020 13:06
entering extended mode
 restricted \write18 enabled.
 %&-line parsing enabled.
**model_cosmos.tex
(./model_cosmos.tex
LaTeX2e <2019-10-01> patch level 1

! LaTeX Error: Environment tikzpicture undefined.

See the LaTeX manual or LaTeX Companion for explanation.
Type  H <return>  for immediate help.
 ...                                              
                                                  
l.13 \begin{tikzpicture}
                        [x=1.7cm,y=1.8cm]
? 
! Emergency stop.
 ...                                              
                                                  
l.13 \begin{tikzpicture}
                        [x=1.7cm,y=1.8cm]
Your command was ignored.
Type  I <command> <return>  to replace it with another command,
or  <return>  to continue without it.

 
Here is how much of TeX's memory you used:
 6 strings out of 492167
 300 string characters out of 6131558
 59035 words of memory out of 5000000
 4468 multiletter control sequences out of 15000+600000
 3640 words of font info for 14 fonts, out of 8000000 for 9000
 1141 hyphenation exceptions out of 8191
 5i,0n,4p,67b,16s stack positions out of 5000i,500n,10000p,200000b,80000s
!  ==> Fatal error occurred, no output PDF file produced!
